<?xml version="1.0" encoding="UTF-8"?>
<testsuite name="com.gamecoach.util.UtilsTest" tests="20" skipped="0" failures="0" errors="0" timestamp="2026-04-05T21:51:08.266Z" hostname="DESKTOP-R54TNBM" time="0.017">
  <properties/>
  <testcase name="getCurrentTime retourne une chaine non vide" classname="com.gamecoach.util.UtilsTest" time="0.004"/>
  <testcase name="formatDate retourne la date originale si la chaine est vide" classname="com.gamecoach.util.UtilsTest" time="0.001"/>
  <testcase name="formatDate retourne la date originale si le format est invalide" classname="com.gamecoach.util.UtilsTest" time="0.001"/>
  <testcase name="getRanksByGame inclut Challenger dans les rangs LoL" classname="com.gamecoach.util.UtilsTest" time="0.001"/>
  <testcase name="getRanksByGame inclut Global Elite dans les rangs CS2" classname="com.gamecoach.util.UtilsTest" time="0.0"/>
  <testcase name="formatCurrency formate un grand montant" classname="com.gamecoach.util.UtilsTest" time="0.002"/>
  <testcase name="getRanksByGame inclut Radiant dans les rangs Valorant" classname="com.gamecoach.util.UtilsTest" time="0.001"/>
  <testcase name="formatCurrency formate un montant entier avec deux decimales" classname="com.gamecoach.util.UtilsTest" time="0.0"/>
  <testcase name="getCurrentDate respecte le format yyyy-MM-dd" classname="com.gamecoach.util.UtilsTest" time="0.002"/>
  <testcase name="getRanksByGame retourne les rangs Valorant non vides" classname="com.gamecoach.util.UtilsTest" time="0.001"/>
  <testcase name="getRanksByGame retourne les rangs League of Legends non vides" classname="com.gamecoach.util.UtilsTest" time="0.0"/>
  <testcase name="getRanksByGame inclut Iron dans les rangs Valorant" classname="com.gamecoach.util.UtilsTest" time="0.0"/>
  <testcase name="getRanksByGame retourne une liste vide pour un jeu inconnu" classname="com.gamecoach.util.UtilsTest" time="0.001"/>
  <testcase name="getCurrentDate retourne une chaine non vide" classname="com.gamecoach.util.UtilsTest" time="0.0"/>
  <testcase name="getRanksByGame retourne les rangs Overwatch 2 non vides" classname="com.gamecoach.util.UtilsTest" time="0.0"/>
  <testcase name="formatCurrency formate un montant zero" classname="com.gamecoach.util.UtilsTest" time="0.0"/>
  <testcase name="getCurrentTime respecte le format HH-mm" classname="com.gamecoach.util.UtilsTest" time="0.001"/>
  <testcase name="getRanksByGame retourne les rangs CS2 non vides" classname="com.gamecoach.util.UtilsTest" time="0.0"/>
  <testcase name="formatCurrency formate un montant decimal" classname="com.gamecoach.util.UtilsTest" time="0.001"/>
  <testcase name="getRanksByGame retourne une liste vide pour une chaine vide" classname="com.gamecoach.util.UtilsTest" time="0.0"/>
  <system-out><![CDATA[]]></system-out>
  <system-err><![CDATA[]]></system-err>
</testsuite>
