<?xml version="1.0" encoding="UTF-8"?>
<testsuite name="com.gamecoach.ui.player.PlayerViewModelTest" tests="4" skipped="0" failures="0" errors="0" timestamp="2026-04-05T21:51:08.244Z" hostname="DESKTOP-R54TNBM" time="0.009">
  <properties/>
  <testcase name="etat initial est correct" classname="com.gamecoach.ui.player.PlayerViewModelTest" time="0.001"/>
  <testcase name="loadData modifie isLoading pendant lexecution et le remet a false" classname="com.gamecoach.ui.player.PlayerViewModelTest" time="0.002"/>
  <testcase name="loadData (via loadSessions) modifie isLoading pendant lexecution et le remet a false" classname="com.gamecoach.ui.player.PlayerViewModelTest" time="0.002"/>
  <testcase name="requestSession ne laisse pas l application en chargement infini" classname="com.gamecoach.ui.player.PlayerViewModelTest" time="0.003"/>
  <system-out><![CDATA[]]></system-out>
  <system-err><![CDATA[]]></system-err>
</testsuite>
