<?xml version="1.0" encoding="UTF-8"?>
<testsuite name="com.gamecoach.ui.profile.ProfileViewModelTest" tests="3" skipped="0" failures="0" errors="0" timestamp="2026-04-05T21:51:09.744Z" hostname="DESKTOP-R54TNBM" time="0.026">
  <properties/>
  <testcase name="loadProfile execute et enleve le flag de chargement" classname="com.gamecoach.ui.profile.ProfileViewModelTest" time="0.005"/>
  <testcase name="etat initial est correct" classname="com.gamecoach.ui.profile.ProfileViewModelTest" time="0.001"/>
  <testcase name="updateProfile execute et enleve le flag de chargement" classname="com.gamecoach.ui.profile.ProfileViewModelTest" time="0.02"/>
  <system-out><![CDATA[]]></system-out>
  <system-err><![CDATA[]]></system-err>
</testsuite>
