<?xml version="1.0" encoding="UTF-8"?>
<testsuite name="com.gamecoach.ui.auth.AuthViewModelTest" tests="4" skipped="0" failures="0" errors="0" timestamp="2026-04-05T21:51:09.629Z" hostname="DESKTOP-R54TNBM" time="0.047">
  <properties/>
  <testcase name="etat initial est correct" classname="com.gamecoach.ui.auth.AuthViewModelTest" time="0.002"/>
  <testcase name="register reussit et enleve le flag de chargement sans authentifier" classname="com.gamecoach.ui.auth.AuthViewModelTest" time="0.033"/>
  <testcase name="logout reinitialise correctement l'etat" classname="com.gamecoach.ui.auth.AuthViewModelTest" time="0.006"/>
  <testcase name="login reussit et met a jour user et isAuthenticated" classname="com.gamecoach.ui.auth.AuthViewModelTest" time="0.005"/>
  <system-out><![CDATA[]]></system-out>
  <system-err><![CDATA[]]></system-err>
</testsuite>
