<?xml version="1.0" encoding="UTF-8"?>
<testsuite name="com.gamecoach.ui.admin.AdminViewModelTest" tests="4" skipped="0" failures="0" errors="0" timestamp="2026-04-05T21:51:09.470Z" hostname="DESKTOP-R54TNBM" time="0.155">
  <properties/>
  <testcase name="approveUser termine sans crasher" classname="com.gamecoach.ui.admin.AdminViewModelTest" time="0.147"/>
  <testcase name="etat initial est correct" classname="com.gamecoach.ui.admin.AdminViewModelTest" time="0.001"/>
  <testcase name="loadData termine sans erreur et reset isLoading" classname="com.gamecoach.ui.admin.AdminViewModelTest" time="0.003"/>
  <testcase name="rejectUser termine sans crasher" classname="com.gamecoach.ui.admin.AdminViewModelTest" time="0.004"/>
  <system-out><![CDATA[]]></system-out>
  <system-err><![CDATA[]]></system-err>
</testsuite>
