<?xml version="1.0" encoding="UTF-8"?>
<testsuite name="com.gamecoach.data.MockRepositoryTest" tests="11" skipped="0" failures="0" errors="0" timestamp="2026-04-05T21:51:09.384Z" hostname="DESKTOP-R54TNBM" time="0.079">
  <properties/>
  <testcase name="canPaySession retourne false pour un ID inexistant" classname="com.gamecoach.data.MockRepositoryTest" time="0.06"/>
  <testcase name="canPaySession retourne false pour une session PENDING" classname="com.gamecoach.data.MockRepositoryTest" time="0.002"/>
  <testcase name="canPaySession retourne true pour une session AWAITING_PAYMENT non payée" classname="com.gamecoach.data.MockRepositoryTest" time="0.0"/>
  <testcase name="isUserRegistered retourne true pour un utilisateur existant" classname="com.gamecoach.data.MockRepositoryTest" time="0.009"/>
  <testcase name="markSessionAsPaid marque correctement la session comme payée et change le statut en ACCEPTED" classname="com.gamecoach.data.MockRepositoryTest" time="0.001"/>
  <testcase name="getAllSessions retourne l'ensemble des sessions" classname="com.gamecoach.data.MockRepositoryTest" time="0.0"/>
  <testcase name="isUserRegistered est insensible à la casse" classname="com.gamecoach.data.MockRepositoryTest" time="0.001"/>
  <testcase name="registerUser ajoute un nouvel utilisateur avec succes" classname="com.gamecoach.data.MockRepositoryTest" time="0.0"/>
  <testcase name="isUserRegistered retourne false pour un email inconnu" classname="com.gamecoach.data.MockRepositoryTest" time="0.0"/>
  <testcase name="canPaySession retourne false just apres paiement" classname="com.gamecoach.data.MockRepositoryTest" time="0.0"/>
  <testcase name="registerUser n ajoute pas de doublon d email" classname="com.gamecoach.data.MockRepositoryTest" time="0.001"/>
  <system-out><![CDATA[]]></system-out>
  <system-err><![CDATA[]]></system-err>
</testsuite>
